\BOOKMARK [1][]{section.1}{\376\377\116\000\060\001\000\040\137\025\212\000}{}% 1
\BOOKMARK [2][]{subsection.1.1}{\376\377\0001\000.\0001\000\040\170\024\172\166\200\314\146\157\123\312\141\017\116\111}{section.1}% 2
\BOOKMARK [3][]{subsubsection.1.1.1}{\376\377\0001\000.\0001\000.\0001\000\040\000\040\117\341\140\157\217\307\217\175\225\356\230\230\166\204\211\343\121\263\217\353\127\050\167\011\167\153}{subsection.1.1}% 3
\BOOKMARK [3][]{subsubsection.1.1.2}{\376\377\0001\000.\0001\000.\0002\000\040\000\040\116\222\200\124\177\121\116\016\143\250\203\120\174\373\176\337\166\204\207\215\124\010\136\046\147\145\135\350\131\047\166\204\176\317\155\116\116\367\120\074}{subsection.1.1}% 4
\BOOKMARK [3][]{subsubsection.1.1.3}{\376\377\0001\000.\0001\000.\0003\000\040\000\040\124\315\136\224\126\375\133\266\123\321\134\125\124\214\145\071\227\151\131\324\124\130\117\032\040\034\145\260\127\372\136\372\040\035\123\367\123\354}{subsection.1.1}% 5
\BOOKMARK [2][]{subsection.1.2}{\376\377\0001\000.\0002\000\040\166\370\121\163\170\024\172\166\163\260\162\266}{section.1}% 6
\BOOKMARK [3][]{subsubsection.1.2.1}{\376\377\0001\000.\0002\000.\0001\000\040\000\040\143\250\203\120\174\373\176\337\127\050\135\345\116\032\165\114\166\204\136\224\165\050\163\260\162\266}{subsection.1.2}% 7
\BOOKMARK [3][]{subsubsection.1.2.2}{\376\377\0001\000.\0002\000.\0002\000\040\000\040\143\250\203\120\174\373\176\337\127\050\133\146\147\057\165\114\166\204\170\024\172\166\163\260\162\266}{subsection.1.2}% 8
\BOOKMARK [2][]{subsection.1.3}{\376\377\0001\000.\0003\000\040\230\171\166\356\147\266\147\204\140\073\211\310}{section.1}% 9
\BOOKMARK [3][]{subsubsection.1.3.1}{\376\377\0001\000.\0003\000.\0001\000\040\000\040\230\171\166\356\145\164\117\123\150\106\147\266}{subsection.1.3}% 10
\BOOKMARK [3][]{subsubsection.1.3.2}{\376\377\0001\000.\0003\000.\0002\000\040\000\040\230\171\166\356\117\030\122\277\116\016\122\033\145\260\140\047}{subsection.1.3}% 11
\BOOKMARK [1][]{section.2}{\376\377\116\214\060\001\000\040\152\041\127\213\142\200\147\057\215\357\176\277\123\312\133\236\163\260\145\271\150\110}{}% 12
\BOOKMARK [2][]{subsection.2.1}{\376\377\0002\000.\0001\000\040\145\160\143\156\226\306\220\011\123\326}{section.2}% 13
\BOOKMARK [3][]{subsubsection.2.1.1}{\376\377\0002\000.\0001\000.\0001\000\040\000\040\000M\000I\000N\000D\145\160\143\156\226\306}{subsection.2.1}% 14
\BOOKMARK [3][]{subsubsection.2.1.2}{\376\377\0002\000.\0001\000.\0002\000\040\000\040\000g\000l\000o\000v\000e\213\315\135\114\121\145}{subsection.2.1}% 15
\BOOKMARK [3][]{subsubsection.2.1.3}{\376\377\0002\000.\0001\000.\0003\000\040\000\040\145\160\143\156\230\204\131\004\164\006}{subsection.2.1}% 16
\BOOKMARK [2][]{subsection.2.2}{\376\377\0002\000.\0002\000\040\145\271\154\325\116\313\176\315}{section.2}% 17
\BOOKMARK [3][]{subsubsection.2.2.1}{\376\377\0002\000.\0002\000.\0001\000\040\000\040\126\376\171\136\176\317\177\121\176\334}{subsection.2.2}% 18
\BOOKMARK [3][]{subsubsection.2.2.2}{\376\377\0002\000.\0002\000.\0002\000\040\000\040\154\350\141\017\122\233\147\072\122\066}{subsection.2.2}% 19
\BOOKMARK [3][]{subsubsection.2.2.3}{\376\377\0002\000.\0002\000.\0003\000\040\000\040\000T\000r\000a\000n\000s\000f\000o\000r\000m\000e\000r}{subsection.2.2}% 20
\BOOKMARK [3][]{subsubsection.2.2.4}{\376\377\0002\000.\0002\000.\0004\000\040\000\040\000F\000a\000s\000t\000f\000o\000r\000m\000e\000r}{subsection.2.2}% 21
\BOOKMARK [2][]{subsection.2.3}{\376\377\0002\000.\0003\000\040\152\041\127\213\147\266\147\204}{section.2}% 22
\BOOKMARK [3][]{subsubsection.2.3.1}{\376\377\0002\000.\0003\000.\0001\000\040\000\040\140\073\117\123\147\266\147\204}{subsection.2.3}% 23
\BOOKMARK [3][]{subsubsection.2.3.2}{\376\377\0002\000.\0003\000.\0002\000\040\000\040\120\031\220\011\145\260\225\373\177\026\170\001}{subsection.2.3}% 24
\BOOKMARK [3][]{subsubsection.2.3.3}{\376\377\0002\000.\0003\000.\0003\000\040\000\040\123\125\213\315\174\222\136\246\141\037\167\345\120\031\220\011\145\260\225\373}{subsection.2.3}% 25
\BOOKMARK [3][]{subsubsection.2.3.4}{\376\377\0002\000.\0003\000.\0004\000\040\000\040\145\260\225\373\174\222\136\246\141\037\167\345\120\031\220\011\145\260\225\373}{subsection.2.3}% 26
\BOOKMARK [3][]{subsubsection.2.3.5}{\376\377\0002\000.\0003\000.\0005\000\040\000\040\133\236\117\123\174\222\136\246\141\037\167\345\120\031\220\011\145\260\225\373}{subsection.2.3}% 27
\BOOKMARK [2][]{subsection.2.4}{\376\377\0002\000.\0004\000\040\152\041\127\213\213\304\117\060}{section.2}% 28
\BOOKMARK [3][]{subsubsection.2.4.1}{\376\377\0002\000.\0004\000.\0001\000\040\000\040\116\016\116\113\122\115\152\041\127\213\166\204\140\047\200\375\133\371\153\324}{subsection.2.4}% 29
\BOOKMARK [3][]{subsubsection.2.4.2}{\376\377\0002\000.\0004\000.\0002\000\040\000\040\155\210\207\215\133\236\232\214}{subsection.2.4}% 30
\BOOKMARK [1][]{section.3}{\376\377\116\011\060\001\000\040\217\157\116\366\135\345\172\013\116\016\137\000\123\321\147\266\147\204\145\271\150\110}{}% 31
\BOOKMARK [2][]{subsection.3.1}{\376\377\0003\000.\0001\000\040\137\000\123\321\135\345\121\167\116\016\150\106\147\266}{section.3}% 32
\BOOKMARK [2][]{subsection.3.2}{\376\377\0003\000.\0002\000\040\145\260\225\373\143\250\203\120\174\373\176\337\217\157\116\366\204\075\127\060\171\072\117\213}{section.3}% 33
\BOOKMARK [3][]{subsubsection.3.2.1}{\376\377\0003\000.\0002\000.\0001\000\040\000\040\217\157\116\366\124\150\147\037\152\041\127\213}{subsection.3.2}% 34
\BOOKMARK [3][]{subsubsection.3.2.2}{\376\377\0003\000.\0002\000.\0002\000\040\000\040\217\157\116\366\137\000\123\321\152\041\127\213}{subsection.3.2}% 35
\BOOKMARK [3][]{subsubsection.3.2.3}{\376\377\0003\000.\0002\000.\0003\000\040\000\040\145\160\143\156\136\223\213\276\213\241}{subsection.3.2}% 36
\BOOKMARK [3][]{subsubsection.3.2.4}{\376\377\0003\000.\0002\000.\0004\000\040\000\040\000U\000M\000L\213\276\213\241}{subsection.3.2}% 37
\BOOKMARK [3][]{subsubsection.3.2.5}{\376\377\0003\000.\0002\000.\0005\000\040\000\040\217\157\116\366\122\237\200\375\157\024\171\072}{subsection.3.2}% 38
\BOOKMARK [3][]{subsubsection.3.2.6}{\376\377\0003\000.\0002\000.\0006\000\040\000\040\121\174\133\271\140\047\155\113\213\325\116\016\172\063\133\232\140\047\155\113\213\325}{subsection.3.2}% 39
\BOOKMARK [1][]{section.4}{\376\377\126\333\060\001\000\040\125\106\116\032\152\041\137\017\147\204\136\372\116\016\176\317\204\045\173\241\164\006}{}% 40
\BOOKMARK [2][]{subsection.4.1}{\376\377\0004\000.\0001\000\040\136\002\127\072\172\336\116\211\122\006\147\220}{section.4}% 41
\BOOKMARK [2][]{subsection.4.2}{\376\377\0004\000.\0002\000\040\142\225\215\104\126\336\142\245\122\006\147\220}{section.4}% 42
\BOOKMARK [2][]{subsection.4.3}{\376\377\0004\000.\0003\000\040\166\310\122\051\145\271\137\017}{section.4}% 43
\BOOKMARK [3][]{subsubsection.4.3.1}{\376\377\0004\000.\0003\000.\0001\000\040\000\040\143\320\117\233\145\164\131\127\117\116\200\046\124\010\135\345\116\032\165\114\211\343\121\263\145\271\150\110}{subsection.4.3}% 44
\BOOKMARK [3][]{subsubsection.4.3.2}{\376\377\0004\000.\0003\000.\0002\000\040\000\040\143\320\117\233\145\164\131\127\142\020\161\237\217\157\116\366\174\373\176\337}{subsection.4.3}% 45
\BOOKMARK [2][]{subsection.4.4}{\376\377\0004\000.\0004\000\040\215\042\122\241\173\241\164\006}{section.4}% 46
\BOOKMARK [2][]{subsection.4.5}{\376\377\0004\000.\0005\000\040\204\045\225\000\142\030\165\145}{section.4}% 47
\BOOKMARK [1][]{section*.9}{\376\377\123\302\200\003\145\207\163\056}{}% 48
